<?xml version="1.0" encoding="UTF-8"?>
<!-- Generated by org.testng.reporters.JUnitReportReporter -->
<testsuite hostname="RANJITH" failures="0" tests="2" name="testScript.AdminUsersTest" time="38.346" errors="0" timestamp="2025-06-21T20:02:52 IST" skipped="1">
  <testcase classname="testScript.AdminUsersTest" name="verifyTheUserIsAbleToCreateTheAdminUsers" time="31.129">
    <skipped/>
  </testcase> <!-- verifyTheUserIsAbleToCreateTheAdminUsers -->
  <testcase classname="testScript.AdminUsersTest" name="verifyTheUserIsAbleToCreateTheAdminUsers" time="7.217"/>
</testsuite> <!-- testScript.AdminUsersTest -->
