<?xml version="1.0" encoding="UTF-8"?>
<!-- Generated by org.testng.reporters.JUnitReportReporter -->
<testsuite hostname="RANJITH" failures="0" tests="1" name="testScript.ManageNewsTest" time="9.227" errors="0" timestamp="2025-06-21T20:02:52 IST" skipped="0">
  <testcase classname="testScript.ManageNewsTest" name="verifyTheUserIsAbleToEnterTheNews" time="9.227"/>
</testsuite> <!-- testScript.ManageNewsTest -->
