<?xml version="1.0" encoding="UTF-8"?>
<!-- Generated by org.testng.reporters.JUnitReportReporter -->
<testsuite hostname="RANJITH" failures="0" tests="3" name="testScript.ManageNewsTest" time="22.172" errors="0" timestamp="2025-06-17T19:28:22 IST" skipped="0">
  <testcase classname="testScript.ManageNewsTest" name="verifyTheUserIsAbleToEnterTheNews" time="6.027"/>
  <testcase classname="testScript.ManageNewsTest" name="verifyTheUserIsAbleToEnterTheNews" time="8.909"/>
  <testcase classname="testScript.ManageNewsTest" name="verifyTheUserIsAbleToEnterTheNews" time="7.236"/>
</testsuite> <!-- testScript.ManageNewsTest -->
