<?xml version="1.0" encoding="UTF-8"?>
<!-- Generated by org.testng.reporters.JUnitReportReporter -->
<testsuite hostname="RANJITH" failures="0" tests="1" name="testScript.ManageNewsTest" time="203.994" errors="0" timestamp="2025-06-13T21:59:09 IST" skipped="0">
  <testcase classname="testScript.ManageNewsTest" name="verifyTheUserIsAbleToEnterTheNews" time="203.994"/>
</testsuite> <!-- testScript.ManageNewsTest -->
