<?xml version="1.0" encoding="UTF-8"?>
<!-- Generated by org.testng.reporters.JUnitReportReporter -->
<testsuite hostname="RANJITH" failures="0" tests="4" name="testScript.Login" time="34.239" errors="0" timestamp="2025-06-06T16:00:57 IST" skipped="0">
  <testcase classname="testScript.Login" name="invalidUsername" time="24.117"/>
  <testcase classname="testScript.Login" name="invalidPassword" time="4.077"/>
  <testcase classname="testScript.Login" name="invalidUsernameInvalidPassword" time="3.608"/>
  <testcase classname="testScript.Login" name="login" time="2.437"/>
</testsuite> <!-- testScript.Login -->
