<?xml version="1.0" encoding="UTF-8"?>
<!-- Generated by org.testng.reporters.JUnitReportReporter -->
<testsuite hostname="RANJITH" failures="0" tests="1" name="testScript.AdminUsersTest" time="3.947" errors="0" timestamp="2025-06-13T01:35:45 IST" skipped="0">
  <testcase classname="testScript.AdminUsersTest" name="verifyTheUserIsAbleToCreateTheAdminUsers" time="3.947"/>
</testsuite> <!-- testScript.AdminUsersTest -->
