<?xml version="1.0" encoding="UTF-8"?>
<!-- Generated by org.testng.reporters.JUnitReportReporter -->
<testsuite hostname="RANJITH" failures="0" tests="1" name="testScript.ManageNewsTest" time="6.807" errors="0" timestamp="2025-06-11T06:39:13 IST" skipped="0">
  <testcase classname="testScript.ManageNewsTest" name="verifyTheUserIsAbleToEnterTheNews" time="6.807"/>
</testsuite> <!-- testScript.ManageNewsTest -->
