<?xml version="1.0" encoding="UTF-8"?>
<!-- Generated by org.testng.reporters.JUnitReportReporter -->
<testsuite hostname="RANJITH" failures="0" tests="1" name="testScript.Login" time="2.858" errors="0" timestamp="2025-06-09T20:00:07 IST" skipped="0">
  <testcase classname="testScript.Login" name="invalidPassword" time="2.858"/>
</testsuite> <!-- testScript.Login -->
