<?xml version="1.0" encoding="UTF-8"?>
<!-- Generated by org.testng.reporters.JUnitReportReporter -->
<testsuite hostname="RANJITH" failures="0" tests="1" name="testScript.LoginTest" time="10.365" errors="0" timestamp="2025-06-10T20:58:59 IST" skipped="0">
  <testcase classname="testScript.LoginTest" name="verifyTheUserIsAbleToLoginUsingValidCredentials" time="10.365"/>
</testsuite> <!-- testScript.LoginTest -->
