<?xml version="1.0" encoding="UTF-8"?>
<!-- Generated by org.testng.reporters.JUnitReportReporter -->
<testsuite hostname="RANJITH" failures="0" tests="1" name="testScript.LoginTest" time="13.213" errors="0" timestamp="2025-06-18T20:29:45 IST" skipped="0">
  <testcase classname="testScript.LoginTest" name="verifyTheUserIsAbleToLoginUsingValidCredentials" time="13.213"/>
</testsuite> <!-- testScript.LoginTest -->
